[2025-09-08 22:33:04,810] 28 root - INFO - 

--------------------------------------------------------------------------------
[2025-09-08 22:33:04,810] 30 root - INFO - START OF: DATA INGESTION
[2025-09-08 22:33:04,810] 31 root - INFO - --------------------------------------------------------------------------------

[2025-09-08 22:33:04,810] 19 root - INFO - Initiate the Data Ingestion.
[2025-09-08 22:33:19,273] 60 root - INFO - Main data saved to feature store as a backup, location: `Artifacts\09_08_2025_22_33_03\data_ingestion\feature_store\phisingData.csv`
[2025-09-08 22:33:19,276] 72 root - INFO - Train and Test split has been completed.
[2025-09-08 22:33:19,277] 73 root - INFO - Exited the `split_data_as_train_test` method of the DataIngestion Class.
[2025-09-08 22:33:19,278] 77 root - INFO - Exporting train and test data.
[2025-09-08 22:33:19,342] 81 root - INFO - Exported train and test files.
[2025-09-08 22:33:19,343] 21 root - INFO - Data Ingestion Artifacts: 
DataIngestionArtifact(trained_file_path='Artifacts\\09_08_2025_22_33_03\\data_ingestion\\ingested\\train.csv', test_file_path='Artifacts\\09_08_2025_22_33_03\\data_ingestion\\ingested\\test.csv')
[2025-09-08 22:33:19,343] 22 root - INFO - Data Ingestion Completed.
[2025-09-08 22:33:19,351] 28 root - INFO - 

--------------------------------------------------------------------------------
[2025-09-08 22:33:19,351] 30 root - INFO - START OF: DATA VALIDATION
[2025-09-08 22:33:19,351] 31 root - INFO - --------------------------------------------------------------------------------

[2025-09-08 22:33:19,351] 30 root - INFO - Initiate Data Validation
[2025-09-08 22:33:19,351] 42 root - INFO - Reading data from: Artifacts\09_08_2025_22_33_03\data_ingestion\ingested\train.csv
[2025-09-08 22:33:19,376] 42 root - INFO - Reading data from: Artifacts\09_08_2025_22_33_03\data_ingestion\ingested\test.csv
[2025-09-08 22:33:19,456] 173 root - WARNING - Training data invalid: ["[training_data] Missing columns: {'having_I_Address'}", "[training_data] Unexpected columns: {'having_IP_Address'}"]
[2025-09-08 22:33:19,468] 181 root - WARNING - Test data invalid: ["[testing_data] Missing columns: {'having_I_Address'}", "[testing_data] Unexpected columns: {'having_IP_Address'}"]
[2025-09-08 22:33:19,469] 32 root - INFO - Data Validation Artifacts: 
DataValidationArtifact(validation_status=(False, False), valid_train_file_path=None, valid_test_file_path=None, invalid_train_file_path='Artifacts\\09_08_2025_22_33_03\\data_validation\\invalid\\train.csv', invalid_test_file_path='Artifacts\\09_08_2025_22_33_03\\data_validation\\invalid\\test.csv', drift_report_file_path='Artifacts\\09_08_2025_22_33_03\\data_validation\\drift_report\\report.yaml')
[2025-09-08 22:33:19,469] 33 root - INFO - Data Validation Completed.
