[2025-09-08 22:28:37,530] 28 root - INFO - 

--------------------------------------------------------------------------------
[2025-09-08 22:28:37,530] 30 root - INFO - START OF: DATA INGESTION
[2025-09-08 22:28:37,530] 31 root - INFO - --------------------------------------------------------------------------------

[2025-09-08 22:28:37,530] 19 root - INFO - Initiate the Data Ingestion.
[2025-09-08 22:28:43,845] 60 root - INFO - Main data saved to feature store as a backup, location: `Artifacts\09_08_2025_22_28_36\data_ingestion\feature_store\phisingData.csv`
[2025-09-08 22:28:43,851] 72 root - INFO - Train and Test split has been completed.
[2025-09-08 22:28:43,856] 73 root - INFO - Exited the `split_data_as_train_test` method of the DataIngestion Class.
[2025-09-08 22:28:43,858] 77 root - INFO - Exporting train and test data.
[2025-09-08 22:28:43,940] 81 root - INFO - Exported train and test files.
[2025-09-08 22:28:43,940] 21 root - INFO - Data Ingestion Artifacts: 
DataIngestionArtifact(trained_file_path='Artifacts\\09_08_2025_22_28_36\\data_ingestion\\ingested\\train.csv', test_file_path='Artifacts\\09_08_2025_22_28_36\\data_ingestion\\ingested\\test.csv')
[2025-09-08 22:28:43,940] 22 root - INFO - Data Ingestion Completed.
[2025-09-08 22:28:43,949] 28 root - INFO - 

--------------------------------------------------------------------------------
[2025-09-08 22:28:43,949] 30 root - INFO - START OF: DATA VALIDATION
[2025-09-08 22:28:43,949] 31 root - INFO - --------------------------------------------------------------------------------

[2025-09-08 22:28:43,949] 30 root - INFO - Initiate Data Validation
[2025-09-08 22:28:43,949] 42 root - INFO - Reading data from: Artifacts\09_08_2025_22_28_36\data_ingestion\ingested\train.csv
[2025-09-08 22:28:43,985] 42 root - INFO - Reading data from: Artifacts\09_08_2025_22_28_36\data_ingestion\ingested\test.csv
[2025-09-08 22:28:44,078] 159 root - WARNING - Training data invalid: ["[training_data] Columns mismatch. Expected: ['having_I_Address', 'URL_Length', 'Shortining_Service', 'having_At_Symbol', 'double_slash_redirecting', 'Prefix_Suffix', 'having_Sub_Domain', 'SSLfinal_State', 'Domain_registeration_length', 'Favicon', 'port', 'HTTPS_token', 'Request_URL', 'URL_of_Anchor', 'Links_in_tags', 'SFH', 'Submitting_to_email', 'Abnormal_URL', 'Redirect', 'on_mouseover', 'RightClick', 'popUpWidnow', 'Iframe', 'age_of_domain', 'DNSRecord', 'web_traffic', 'Page_Rank', 'Google_Index', 'Links_pointing_to_page', 'Statistical_report', 'Result'], found: ['having_IP_Address', 'URL_Length', 'Shortining_Service', 'having_At_Symbol', 'double_slash_redirecting', 'Prefix_Suffix', 'having_Sub_Domain', 'SSLfinal_State', 'Domain_registeration_length', 'Favicon', 'port', 'HTTPS_token', 'Request_URL', 'URL_of_Anchor', 'Links_in_tags', 'SFH', 'Submitting_to_email', 'Abnormal_URL', 'Redirect', 'on_mouseover', 'RightClick', 'popUpWidnow', 'Iframe', 'age_of_domain', 'DNSRecord', 'web_traffic', 'Page_Rank', 'Google_Index', 'Links_pointing_to_page', 'Statistical_report', 'Result']"]
[2025-09-08 22:28:44,091] 167 root - WARNING - Test data invalid: ["[testing_data] Columns mismatch. Expected: ['having_I_Address', 'URL_Length', 'Shortining_Service', 'having_At_Symbol', 'double_slash_redirecting', 'Prefix_Suffix', 'having_Sub_Domain', 'SSLfinal_State', 'Domain_registeration_length', 'Favicon', 'port', 'HTTPS_token', 'Request_URL', 'URL_of_Anchor', 'Links_in_tags', 'SFH', 'Submitting_to_email', 'Abnormal_URL', 'Redirect', 'on_mouseover', 'RightClick', 'popUpWidnow', 'Iframe', 'age_of_domain', 'DNSRecord', 'web_traffic', 'Page_Rank', 'Google_Index', 'Links_pointing_to_page', 'Statistical_report', 'Result'], found: ['having_IP_Address', 'URL_Length', 'Shortining_Service', 'having_At_Symbol', 'double_slash_redirecting', 'Prefix_Suffix', 'having_Sub_Domain', 'SSLfinal_State', 'Domain_registeration_length', 'Favicon', 'port', 'HTTPS_token', 'Request_URL', 'URL_of_Anchor', 'Links_in_tags', 'SFH', 'Submitting_to_email', 'Abnormal_URL', 'Redirect', 'on_mouseover', 'RightClick', 'popUpWidnow', 'Iframe', 'age_of_domain', 'DNSRecord', 'web_traffic', 'Page_Rank', 'Google_Index', 'Links_pointing_to_page', 'Statistical_report', 'Result']"]
[2025-09-08 22:28:44,091] 32 root - INFO - Data Validation Artifacts: 
DataValidationArtifact(validation_status=(False, False), valid_train_file_path=None, valid_test_file_path=None, invalid_train_file_path='Artifacts\\09_08_2025_22_28_36\\data_validation\\invalid\\train.csv', invalid_test_file_path='Artifacts\\09_08_2025_22_28_36\\data_validation\\invalid\\test.csv', drift_report_file_path='Artifacts\\09_08_2025_22_28_36\\data_validation\\drift_report\\report.yaml')
[2025-09-08 22:28:44,091] 33 root - INFO - Data Validation Completed.
